Processing wrong_cool/cyclic_inheritance.cl...
ERROR: 0: Type-Check: inheritance cycle: B A 
---------------------------------
Processing wrong_cool/wrong_type_equality.cl...
ERROR: 3: Type-Check: comparison between String and Int
---------------------------------
Processing wrong_cool/wrong_type_selftype.cl...
ERROR: 2: Type-Check: B does not conform to SELF_TYPE(A) in method method
---------------------------------
Processing wrong_cool/wrong_type_let.cl...
ERROR: 3: Type-Check: initializer type String does not conform to type Int
---------------------------------
Processing wrong_cool/duplicate_type_case.cl...
ERROR: 5: Type-Check: case branch type String is bound twice
---------------------------------
Processing wrong_cool/wrong_type_attribute.cl...
ERROR: 2: Type-Check: String does not conform to Int in initialized attribute
---------------------------------
Processing wrong_cool/wrong_type_arithmetic.cl...
ERROR: 3: Type-Check: arithmetic on Int String instead of Ints
---------------------------------
Processing wrong_cool/nonexist_type_parameter.cl...
ERROR: 2: Type-Check: class Main has method method with formal parameter of unknown type NotExist
---------------------------------
Processing wrong_cool/argument_not_specified.cl...
ERROR: 6: Type-Check: wrong number of actual arguments (0 vs. 1)
---------------------------------
Processing wrong_cool/wrong_type_if.cl...
ERROR: 3: Type-Check: conditional has type String instead of Bool
---------------------------------
Processing wrong_cool/wrong_type_override.cl...
ERROR: 7: Type-Check: class B redefines method method and changes return type (from Int to String)
---------------------------------
Processing wrong_cool/wrong_type_assignment.cl...
ERROR: 4: Type-Check: String does not conform to Int in assignment
---------------------------------
Processing wrong_cool/no_main_method.cl...
ERROR: 0: Type-Check: class Main method main not found
---------------------------------
Processing wrong_cool/wrong_type_argument.cl...
ERROR: 5: Type-Check: argument #1 type String does not conform to formal type Int
---------------------------------
Processing wrong_cool/wrong_type_parameter.cl...
ERROR: 2: Type-Check: class Main has method method with formal parameter of unknown type NotExist
---------------------------------
