Processing wrong_cool/parsed_outputs/wrong_type_arithmetic.cl.cl-ast...
ERROR: 3: Type-Check: arithmetic on String instead of Int
---------------------------------
Processing wrong_cool/parsed_outputs/duplicate_type_case.cl.cl-ast...
---------------------------------
Processing wrong_cool/parsed_outputs/wrong_type_parameter.cl.cl-ast...
ERROR: 2: Type-Check: class Main has method method with formal parameter of unknown type NotExist
---------------------------------
Processing wrong_cool/parsed_outputs/nonexist_type_parameter.cl.cl-ast...
ERROR: 2: Type-Check: class Main has method method with formal parameter of unknown type NotExist
---------------------------------
Processing wrong_cool/parsed_outputs/wrong_type_equality.cl.cl-ast...
ERROR: 3: Type-Check: cannot compare String with Int
---------------------------------
Processing wrong_cool/parsed_outputs/no_main_method.cl.cl-ast...
ERROR: 0: Type-Check: class Main method main not found!!
---------------------------------
Processing wrong_cool/parsed_outputs/wrong_type_assignment.cl.cl-ast...
ERROR: 4: Type-Check: type String does not conform to declared type Int in assignment
---------------------------------
Processing wrong_cool/parsed_outputs/wrong_type_argument.cl.cl-ast...
ERROR: 5: Type-Check: argument type String does not conform to formal type Int!
---------------------------------
Processing wrong_cool/parsed_outputs/wrong_type_attribute.cl.cl-ast...
ERROR: 2: Type-Check: initializer for x should be Int not String
---------------------------------
Processing wrong_cool/parsed_outputs/wrong_type_selftype.cl.cl-ast...
ERROR: 2: Type-Check: method method return type should be A but got B
---------------------------------
Processing wrong_cool/parsed_outputs/argument_not_specified.cl.cl-ast...
ERROR: 6: Type-Check: method method called with wrong number of arguments!
---------------------------------
Processing wrong_cool/parsed_outputs/cyclic_inheritance.cl.cl-ast...
ERROR: 0: Type-Check: cyclic inheritance involving class A and B
---------------------------------
Processing wrong_cool/parsed_outputs/wrong_type_let.cl.cl-ast...
ERROR: 3: Type-Check: initializer for x should be Int not String
---------------------------------
Processing wrong_cool/parsed_outputs/test.cl.cl-ast...
---------------------------------
Processing wrong_cool/parsed_outputs/wrong_type_override.cl.cl-ast...
ERROR: 7: Type-Check: class B redefines method method but return types arent the same (Int and String)
---------------------------------
Processing wrong_cool/parsed_outputs/wrong_type_if.cl.cl-ast...
ERROR: 3: Type-Check: condition in if expression must be Bool, but got String
---------------------------------
